<?xml version="1.0" encoding="UTF-8"?>
<!-- Generated by org.testng.reporters.JUnitReportReporter -->
<testsuite skipped="0" hostname="DESKTOP-CJ2CLF8" name="test.UserTests" tests="1" failures="0" timestamp="2023-11-05T19:44:59 CAT" time="1.785" errors="0">
  <testcase name="createAndVerifyUser" time="1.785" classname="test.UserTests"/>
  <system-out/>
</testsuite> <!-- test.UserTests -->
